<?xml version="1.0" encoding="UTF-8"?>
<!-- Generated by org.testng.reporters.JUnitXMLReporter -->
<testsuite hostname="DESKTOP-JJ0H417" name="Personal loan " tests="9" failures="0" timestamp="6 Mar 2018 10:37:24 GMT" time="0.032" errors="0">
  <testcase name="Demo" time="0.016" classname="test.day1"/>
  <testcase name="ploan" time="0.0" classname="test.day2"/>
  <testcase name="MobileLogOutCarLoan" time="0.0" classname="test.day3"/>
  <testcase name="WebLoginCarLoan" time="0.0" classname="test.day3"/>
  <testcase name="MobilesignoutLoan" time="0.016" classname="test.day3"/>
  <testcase name="MobilesignoutLoan" time="0.0" classname="test.day3"/>
  <testcase name="MobilesignoutLoan" time="0.0" classname="test.day3"/>
  <testcase name="MobileLogInCarLoan" time="0.0" classname="test.day3"/>
  <testcase name="APICarLoan" time="0.0" classname="test.day3"/>
</testsuite> <!-- Personal loan  -->
